#
# There is insufficient memory for the Java Runtime Environment to continue.
# Native memory allocation (malloc) failed to allocate 32744 bytes for ChunkPool::allocate
# Possible reasons:
#   The system is out of physical RAM or swap space
#   In 32 bit mode, the process size limit was hit
# Possible solutions:
#   Reduce memory load on the system
#   Increase physical memory or swap space
#   Check if swap backing store is full
#   Use 64 bit Java on a 64 bit OS
#   Decrease Java heap size (-Xmx/-Xms)
#   Decrease number of Java threads
#   Decrease Java thread stack sizes (-Xss)
#   Set larger code cache with -XX:ReservedCodeCacheSize=
# This output file may be truncated or incomplete.
#
#  Out of Memory Error (allocation.cpp:273), pid=2372, tid=0x0000000000001c04
#
# JRE version: Java(TM) SE Runtime Environment (8.0_162-b12) (build 1.8.0_162-b12)
# Java VM: Java HotSpot(TM) 64-Bit Server VM (25.162-b12 mixed mode windows-amd64 compressed oops)
# Failed to write core dump. Minidumps are not enabled by default on client versions of Windows
#

---------------  T H R E A D  ---------------

Current thread (0x0000000013dc2000):  JavaThread "C1 CompilerThread2" daemon [_thread_in_native, id=7172, stack(0x0000000015630000,0x0000000015730000)]

Stack: [0x0000000015630000,0x0000000015730000]
[error occurred during error reporting (printing stack bounds), id 0xc0000005]

Native frames: (J=compiled Java code, j=interpreted, Vv=VM code, C=native code)


Current CompileTask:
C1:   5889  781       3       sun.nio.cs.UTF_8$Decoder::decode (779 bytes)


---------------  P R O C E S S  ---------------

Java Threads: ( => current thread )
  0x000000001686a000 JavaThread "MySQL Statement Cancellation Timer" daemon [_thread_blocked, id=84, stack(0x0000000017d90000,0x0000000017e90000)]
  0x000000001675e800 JavaThread "AWT-EventQueue-0" [_thread_blocked, id=4220, stack(0x0000000017200000,0x0000000017300000)]
  0x0000000016742800 JavaThread "Image Fetcher 0" daemon [_thread_blocked, id=4528, stack(0x0000000016f00000,0x0000000017000000)]
  0x0000000015a89800 JavaThread "AWT-Windows" daemon [_thread_in_native, id=5080, stack(0x0000000016150000,0x0000000016250000)]
  0x0000000015ae2000 JavaThread "AWT-Shutdown" [_thread_blocked, id=6932, stack(0x0000000016050000,0x0000000016150000)]
  0x0000000015ae1800 JavaThread "Java2D Disposer" daemon [_thread_blocked, id=5616, stack(0x0000000015f50000,0x0000000016050000)]
  0x000000001575f000 JavaThread "Service Thread" daemon [_thread_blocked, id=2400, stack(0x0000000015b30000,0x0000000015c30000)]
=>0x0000000013dc2000 JavaThread "C1 CompilerThread2" daemon [_thread_in_native, id=7172, stack(0x0000000015630000,0x0000000015730000)]
  0x0000000013dac000 JavaThread "C2 CompilerThread1" daemon [_thread_blocked, id=4420, stack(0x0000000015530000,0x0000000015630000)]
  0x0000000013db8800 JavaThread "C2 CompilerThread0" daemon [_thread_blocked, id=6516, stack(0x0000000015430000,0x0000000015530000)]
  0x0000000013db7000 JavaThread "Attach Listener" daemon [_thread_blocked, id=4224, stack(0x0000000015330000,0x0000000015430000)]
  0x0000000013db6000 JavaThread "Signal Dispatcher" daemon [_thread_blocked, id=212, stack(0x0000000015230000,0x0000000015330000)]
  0x0000000002a1e800 JavaThread "Finalizer" daemon [_thread_blocked, id=504, stack(0x0000000015010000,0x0000000015110000)]
  0x0000000002a13000 JavaThread "Reference Handler" daemon [_thread_blocked, id=3992, stack(0x0000000014f10000,0x0000000015010000)]
  0x000000000280d800 JavaThread "main" [_thread_in_native, id=6196, stack(0x0000000002810000,0x0000000002910000)]

Other Threads:
  0x0000000013d77000 VMThread [stack: 0x0000000014e10000,0x0000000014f10000] [id=5048]
  0x000000001577b800 WatcherThread [stack: 0x0000000015d90000,0x0000000015e90000] [id=5564]

VM state:not at safepoint (normal execution)

VM Mutex/Monitor currently owned by a thread: None

Heap:
 PSYoungGen      total 15360K, used 2238K [0x00000000f5b80000, 0x00000000f6e00000, 0x0000000100000000)
  eden space 14848K, 15% used [0x00000000f5b80000,0x00000000f5dafbf0,0x00000000f6a00000)
  from space 512K, 0% used [0x00000000f6c80000,0x00000000f6c80000,0x00000000f6d00000)
  to   space 1024K, 0% used [0x00000000f6d00000,0x00000000f6d00000,0x00000000f6e00000)
 ParOldGen       total 31232K, used 6643K [0x00000000e1200000, 0x00000000e3080000, 0x00000000f5b80000)
  object space 31232K, 21% used [0x00000000e1200000,0x00000000e187cde8,0x00000000e3080000)
 Metaspace       used 12981K, capacity 13134K, committed 13440K, reserved 1062912K
  class space    used 1521K, capacity 1576K, committed 1664K, reserved 1048576K

Card table byte_map: [0x0000000011de0000,0x0000000011ee0000] byte_map_base: 0x00000000116d7000

Marking Bits: (ParMarkBitMap*) 0x0000000068b90860
 Begin Bits: [0x0000000012390000, 0x0000000012b48000)
 End Bits:   [0x0000000012b48000, 0x0000000013300000)

Polling page: 0x00000000027d0000

CodeCache: size=245760Kb used=2739Kb max_used=2743Kb free=243020Kb
 bounds [0x0000000002a20000, 0x0000000002cd0000, 0x0000000011a20000]
 total_blobs=1306 nmethods=780 adapters=440
 compilation: enabled

Compilation events (10 events):
Event: 5.609 Thread 0x0000000013dc2000  777       1       sun.misc.URLClassPath$JarLoader::access$700 (5 bytes)
Event: 5.609 Thread 0x0000000013dc2000 nmethod 777 0x0000000002ccdbd0 code [0x0000000002ccdd20, 0x0000000002ccde10]
Event: 5.610 Thread 0x0000000013db8800 nmethod 776 0x0000000002ccde90 code [0x0000000002cce040, 0x0000000002cce6f0]
Event: 5.853 Thread 0x0000000013dc2000  778 %     3       com.mysql.jdbc.SingleByteCharsetConverter::<clinit> @ 58 (80 bytes)
Event: 5.854 Thread 0x0000000013dc2000 nmethod 778% 0x0000000002ccccd0 code [0x0000000002cccec0, 0x0000000002ccd850]
Event: 5.857 Thread 0x0000000013dc2000  779       3       com.mysql.jdbc.SingleByteCharsetConverter::<clinit> (80 bytes)
Event: 5.858 Thread 0x0000000013dc2000 nmethod 779 0x0000000002ccbe10 code [0x0000000002ccbfe0, 0x0000000002ccc950]
Event: 5.866 Thread 0x0000000013dc2000  780       3       java.util.zip.ZipFile::access$400 (5 bytes)
Event: 5.866 Thread 0x0000000013dc2000 nmethod 780 0x0000000002ccbad0 code [0x0000000002ccbc20, 0x0000000002ccbd50]
Event: 5.867 Thread 0x0000000013dc2000  781       3       sun.nio.cs.UTF_8$Decoder::decode (779 bytes)

GC Heap History (10 events):
Event: 1.342 GC heap before
{Heap before GC invocations=2 (full 1):
 PSYoungGen      total 9728K, used 1024K [0x00000000f5b80000, 0x00000000f6e80000, 0x0000000100000000)
  eden space 8704K, 0% used [0x00000000f5b80000,0x00000000f5b80000,0x00000000f6400000)
  from space 1024K, 100% used [0x00000000f6400000,0x00000000f6500000,0x00000000f6500000)
  to   space 1024K, 0% used [0x00000000f6d80000,0x00000000f6d80000,0x00000000f6e80000)
 ParOldGen       total 22016K, used 11321K [0x00000000e1200000, 0x00000000e2780000, 0x00000000f5b80000)
  object space 22016K, 51% used [0x00000000e1200000,0x00000000e1d0e430,0x00000000e2780000)
 Metaspace       used 8135K, capacity 8338K, committed 8576K, reserved 1056768K
  class space    used 933K, capacity 1031K, committed 1152K, reserved 1048576K
Event: 1.380 GC heap after
Heap after GC invocations=2 (full 1):
 PSYoungGen      total 9728K, used 0K [0x00000000f5b80000, 0x00000000f6e80000, 0x0000000100000000)
  eden space 8704K, 0% used [0x00000000f5b80000,0x00000000f5b80000,0x00000000f6400000)
  from space 1024K, 0% used [0x00000000f6400000,0x00000000f6400000,0x00000000f6500000)
  to   space 1024K, 0% used [0x00000000f6d80000,0x00000000f6d80000,0x00000000f6e80000)
 ParOldGen       total 31232K, used 5065K [0x00000000e1200000, 0x00000000e3080000, 0x00000000f5b80000)
  object space 31232K, 16% used [0x00000000e1200000,0x00000000e16f2750,0x00000000e3080000)
 Metaspace       used 8135K, capacity 8338K, committed 8576K, reserved 1056768K
  class space    used 933K, capacity 1031K, committed 1152K, reserved 1048576K
}
Event: 5.169 GC heap before
{Heap before GC invocations=3 (full 1):
 PSYoungGen      total 9728K, used 7603K [0x00000000f5b80000, 0x00000000f6e80000, 0x0000000100000000)
  eden space 8704K, 87% used [0x00000000f5b80000,0x00000000f62eccd0,0x00000000f6400000)
  from space 1024K, 0% used [0x00000000f6400000,0x00000000f6400000,0x00000000f6500000)
  to   space 1024K, 0% used [0x00000000f6d80000,0x00000000f6d80000,0x00000000f6e80000)
 ParOldGen       total 31232K, used 5065K [0x00000000e1200000, 0x00000000e3080000, 0x00000000f5b80000)
  object space 31232K, 16% used [0x00000000e1200000,0x00000000e16f2750,0x00000000e3080000)
 Metaspace       used 12055K, capacity 12248K, committed 12288K, reserved 1064960K
  class space    used 1431K, capacity 1516K, committed 1536K, reserved 1048576K
Event: 5.174 GC heap after
Heap after GC invocations=3 (full 1):
 PSYoungGen      total 11776K, used 1023K [0x00000000f5b80000, 0x00000000f6e80000, 0x0000000100000000)
  eden space 10752K, 0% used [0x00000000f5b80000,0x00000000f5b80000,0x00000000f6600000)
  from space 1024K, 99% used [0x00000000f6d80000,0x00000000f6e7fdf0,0x00000000f6e80000)
  to   space 1024K, 0% used [0x00000000f6c80000,0x00000000f6c80000,0x00000000f6d80000)
 ParOldGen       total 31232K, used 5994K [0x00000000e1200000, 0x00000000e3080000, 0x00000000f5b80000)
  object space 31232K, 19% used [0x00000000e1200000,0x00000000e17da960,0x00000000e3080000)
 Metaspace       used 12055K, capacity 12248K, committed 12288K, reserved 1064960K
  class space    used 1431K, capacity 1516K, committed 1536K, reserved 1048576K
}
Event: 5.174 GC heap before
{Heap before GC invocations=4 (full 2):
 PSYoungGen      total 11776K, used 1023K [0x00000000f5b80000, 0x00000000f6e80000, 0x0000000100000000)
  eden space 10752K, 0% used [0x00000000f5b80000,0x00000000f5b80000,0x00000000f6600000)
  from space 1024K, 99% used [0x00000000f6d80000,0x00000000f6e7fdf0,0x00000000f6e80000)
  to   space 1024K, 0% used [0x00000000f6c80000,0x00000000f6c80000,0x00000000f6d80000)
 ParOldGen       total 31232K, used 5994K [0x00000000e1200000, 0x00000000e3080000, 0x00000000f5b80000)
  object space 31232K, 19% used [0x00000000e1200000,0x00000000e17da960,0x00000000e3080000)
 Metaspace       used 12055K, capacity 12248K, committed 12288K, reserved 1064960K
  class space    used 1431K, capacity 1516K, committed 1536K, reserved 1048576K
Event: 5.239 GC heap after
Heap after GC invocations=4 (full 2):
 PSYoungGen      total 11776K, used 0K [0x00000000f5b80000, 0x00000000f6e80000, 0x0000000100000000)
  eden space 10752K, 0% used [0x00000000f5b80000,0x00000000f5b80000,0x00000000f6600000)
  from space 1024K, 0% used [0x00000000f6d80000,0x00000000f6d80000,0x00000000f6e80000)
  to   space 1024K, 0% used [0x00000000f6c80000,0x00000000f6c80000,0x00000000f6d80000)
 ParOldGen       total 31232K, used 6842K [0x00000000e1200000, 0x00000000e3080000, 0x00000000f5b80000)
  object space 31232K, 21% used [0x00000000e1200000,0x00000000e18ae810,0x00000000e3080000)
 Metaspace       used 12055K, capacity 12248K, committed 12288K, reserved 1062912K
  class space    used 1431K, capacity 1516K, committed 1536K, reserved 1048576K
}
Event: 5.240 GC heap before
{Heap before GC invocations=5 (full 2):
 PSYoungGen      total 11776K, used 0K [0x00000000f5b80000, 0x00000000f6e80000, 0x0000000100000000)
  eden space 10752K, 0% used [0x00000000f5b80000,0x00000000f5b80000,0x00000000f6600000)
  from space 1024K, 0% used [0x00000000f6d80000,0x00000000f6d80000,0x00000000f6e80000)
  to   space 1024K, 0% used [0x00000000f6c80000,0x00000000f6c80000,0x00000000f6d80000)
 ParOldGen       total 31232K, used 6842K [0x00000000e1200000, 0x00000000e3080000, 0x00000000f5b80000)
  object space 31232K, 21% used [0x00000000e1200000,0x00000000e18ae810,0x00000000e3080000)
 Metaspace       used 12055K, capacity 12248K, committed 12288K, reserved 1067008K
  class space    used 1431K, capacity 1516K, committed 1536K, reserved 1048576K
Event: 5.242 GC heap after
Heap after GC invocations=5 (full 2):
 PSYoungGen      total 15360K, used 0K [0x00000000f5b80000, 0x00000000f6e00000, 0x0000000100000000)
  eden space 14848K, 0% used [0x00000000f5b80000,0x00000000f5b80000,0x00000000f6a00000)
  from space 512K, 0% used [0x00000000f6c80000,0x00000000f6c80000,0x00000000f6d00000)
  to   space 1024K, 0% used [0x00000000f6d00000,0x00000000f6d00000,0x00000000f6e00000)
 ParOldGen       total 31232K, used 6842K [0x00000000e1200000, 0x00000000e3080000, 0x00000000f5b80000)
  object space 31232K, 21% used [0x00000000e1200000,0x00000000e18ae810,0x00000000e3080000)
 Metaspace       used 12055K, capacity 12248K, committed 12288K, reserved 1067008K
  class space    used 1431K, capacity 1516K, committed 1536K, reserved 1048576K
}
Event: 5.242 GC heap before
{Heap before GC invocations=6 (full 3):
 PSYoungGen      total 15360K, used 0K [0x00000000f5b80000, 0x00000000f6e00000, 0x0000000100000000)
  eden space 14848K, 0% used [0x00000000f5b80000,0x00000000f5b80000,0x00000000f6a00000)
  from space 512K, 0% used [0x00000000f6c80000,0x00000000f6c80000,0x00000000f6d00000)
  to   space 1024K, 0% used [0x00000000f6d00000,0x00000000f6d00000,0x00000000f6e00000)
 ParOldGen       total 31232K, used 6842K [0x00000000e1200000, 0x00000000e3080000, 0x00000000f5b80000)
  object space 31232K, 21% used [0x00000000e1200000,0x00000000e18ae810,0x00000000e3080000)
 Metaspace       used 12055K, capacity 12248K, committed 12288K, reserved 1067008K
  class space    used 1431K, capacity 1516K, committed 1536K, reserved 1048576K
Event: 5.319 GC heap after
Heap after GC invocations=6 (full 3):
 PSYoungGen      total 15360K, used 0K [0x00000000f5b80000, 0x00000000f6e00000, 0x0000000100000000)
  eden space 14848K, 0% used [0x00000000f5b80000,0x00000000f5b80000,0x00000000f6a00000)
  from space 512K, 0% used [0x00000000f6c80000,0x00000000f6c80000,0x00000000f6d00000)
  to   space 1024K, 0% used [0x00000000f6d00000,0x00000000f6d00000,0x00000000f6e00000)
 ParOldGen       total 31232K, used 6643K [0x00000000e1200000, 0x00000000e3080000, 0x00000000f5b80000)
  object space 31232K, 21% used [0x00000000e1200000,0x00000000e187cde8,0x00000000e3080000)
 Metaspace       used 12045K, capacity 12232K, committed 12288K, reserved 1062912K
  class space    used 1427K, capacity 1510K, committed 1536K, reserved 1048576K
}

Deoptimization events (4 events):
Event: 5.436 Thread 0x000000000280d800 Uncommon trap: reason=class_check action=maybe_recompile pc=0x0000000002c4b6d4 method=java.util.HashMap.putVal(ILjava/lang/Object;Ljava/lang/Object;ZZ)Ljava/lang/Object; @ 203
Event: 5.436 Thread 0x000000000280d800 Uncommon trap: reason=class_check action=maybe_recompile pc=0x0000000002c4b6d4 method=java.util.HashMap.putVal(ILjava/lang/Object;Ljava/lang/Object;ZZ)Ljava/lang/Object; @ 203
Event: 5.436 Thread 0x000000000280d800 Uncommon trap: reason=class_check action=maybe_recompile pc=0x0000000002c4b6d4 method=java.util.HashMap.putVal(ILjava/lang/Object;Ljava/lang/Object;ZZ)Ljava/lang/Object; @ 203
Event: 5.436 Thread 0x000000000280d800 Uncommon trap: reason=class_check action=maybe_recompile pc=0x0000000002c4b6d4 method=java.util.HashMap.putVal(ILjava/lang/Object;Ljava/lang/Object;ZZ)Ljava/lang/Object; @ 203

Classes redefined (0 events):
No events

Internal exceptions (10 events):
Event: 5.081 Thread 0x000000000280d800 Exception <a 'java/security/PrivilegedActionException'> (0x00000000f61d5970) thrown at [C:\re\workspace\8-2-build-windows-amd64-cygwin\jdk8u162\10278\hotspot\src\share\vm\prims\jvm.cpp, line 1390]
Event: 5.081 Thread 0x000000000280d800 Exception <a 'java/security/PrivilegedActionException'> (0x00000000f61d5d68) thrown at [C:\re\workspace\8-2-build-windows-amd64-cygwin\jdk8u162\10278\hotspot\src\share\vm\prims\jvm.cpp, line 1390]
Event: 5.099 Thread 0x000000000280d800 Exception <a 'java/security/PrivilegedActionException'> (0x00000000f621ddf8) thrown at [C:\re\workspace\8-2-build-windows-amd64-cygwin\jdk8u162\10278\hotspot\src\share\vm\prims\jvm.cpp, line 1390]
Event: 5.099 Thread 0x000000000280d800 Exception <a 'java/security/PrivilegedActionException'> (0x00000000f621e008) thrown at [C:\re\workspace\8-2-build-windows-amd64-cygwin\jdk8u162\10278\hotspot\src\share\vm\prims\jvm.cpp, line 1390]
Event: 5.100 Thread 0x000000000280d800 Exception <a 'java/security/PrivilegedActionException'> (0x00000000f6220ab0) thrown at [C:\re\workspace\8-2-build-windows-amd64-cygwin\jdk8u162\10278\hotspot\src\share\vm\prims\jvm.cpp, line 1390]
Event: 5.100 Thread 0x000000000280d800 Exception <a 'java/security/PrivilegedActionException'> (0x00000000f6220ea8) thrown at [C:\re\workspace\8-2-build-windows-amd64-cygwin\jdk8u162\10278\hotspot\src\share\vm\prims\jvm.cpp, line 1390]
Event: 5.101 Thread 0x000000000280d800 Exception <a 'java/security/PrivilegedActionException'> (0x00000000f6223c98) thrown at [C:\re\workspace\8-2-build-windows-amd64-cygwin\jdk8u162\10278\hotspot\src\share\vm\prims\jvm.cpp, line 1390]
Event: 5.101 Thread 0x000000000280d800 Exception <a 'java/security/PrivilegedActionException'> (0x00000000f6223ea8) thrown at [C:\re\workspace\8-2-build-windows-amd64-cygwin\jdk8u162\10278\hotspot\src\share\vm\prims\jvm.cpp, line 1390]
Event: 5.102 Thread 0x000000000280d800 Exception <a 'java/security/PrivilegedActionException'> (0x00000000f6226a28) thrown at [C:\re\workspace\8-2-build-windows-amd64-cygwin\jdk8u162\10278\hotspot\src\share\vm\prims\jvm.cpp, line 1390]
Event: 5.103 Thread 0x000000000280d800 Exception <a 'java/security/PrivilegedActionException'> (0x00000000f6226e20) thrown at [C:\re\workspace\8-2-build-windows-amd64-cygwin\jdk8u162\10278\hotspot\src\share\vm\prims\jvm.cpp, line 1390]

Events (10 events):
Event: 5.862 loading class java/sql/BatchUpdateException
Event: 5.862 loading class java/sql/BatchUpdateException done
Event: 5.864 loading class com/mysql/jdbc/exceptions/MySQLTimeoutException
Event: 5.864 loading class com/mysql/jdbc/exceptions/MySQLTimeoutException done
Event: 5.865 loading class com/mysql/jdbc/exceptions/MySQLTransientException
Event: 5.865 loading class com/mysql/jdbc/exceptions/MySQLTransientException done
Event: 5.866 loading class com/mysql/jdbc/exceptions/MySQLStatementCancelledException
Event: 5.866 loading class com/mysql/jdbc/exceptions/MySQLStatementCancelledException done
Event: 5.867 loading class com/mysql/jdbc/exceptions/MySQLNonTransientException
Event: 5.867 loading class com/mysql/jdbc/exceptions/MySQLNonTransientException done


Dynamic libraries:
0x00007ff67c1f0000 - 0x00007ff67c227000 	C:\Program Files\Java\jdk1.8.0_162\bin\java.exe
0x00007ffa780b0000 - 0x00007ffa78281000 	C:\WINDOWS\SYSTEM32\ntdll.dll
0x00007ffa75f40000 - 0x00007ffa75feb000 	C:\WINDOWS\System32\KERNEL32.DLL
0x00007ffa750e0000 - 0x00007ffa752fd000 	C:\WINDOWS\System32\KERNELBASE.dll
0x00007ffa76740000 - 0x00007ffa767e2000 	C:\WINDOWS\System32\ADVAPI32.dll
0x00007ffa76190000 - 0x00007ffa7622e000 	C:\WINDOWS\System32\msvcrt.dll
0x00007ffa76930000 - 0x00007ffa76989000 	C:\WINDOWS\System32\sechost.dll
0x00007ffa75e10000 - 0x00007ffa75f31000 	C:\WINDOWS\System32\RPCRT4.dll
0x00007ffa762a0000 - 0x00007ffa76405000 	C:\WINDOWS\System32\USER32.dll
0x00007ffa75620000 - 0x00007ffa7563e000 	C:\WINDOWS\System32\win32u.dll
0x00007ffa77f20000 - 0x00007ffa77f54000 	C:\WINDOWS\System32\GDI32.dll
0x00007ffa74f50000 - 0x00007ffa750d2000 	C:\WINDOWS\System32\gdi32full.dll
0x00007ffa6ec20000 - 0x00007ffa6ee9a000 	C:\WINDOWS\WinSxS\amd64_microsoft.windows.common-controls_6595b64144ccf1df_6.0.14393.953_none_42151e83c686086b\COMCTL32.dll
0x00007ffa76410000 - 0x00007ffa766d8000 	C:\WINDOWS\System32\combase.dll
0x00007ffa75520000 - 0x00007ffa75615000 	C:\WINDOWS\System32\ucrtbase.dll
0x00007ffa75300000 - 0x00007ffa7536a000 	C:\WINDOWS\System32\bcryptPrimitives.dll
0x00007ffa75640000 - 0x00007ffa7566e000 	C:\WINDOWS\System32\IMM32.DLL
0x0000000068290000 - 0x0000000068361000 	C:\Program Files\Java\jdk1.8.0_162\jre\bin\msvcr100.dll
0x0000000068370000 - 0x0000000068c10000 	C:\Program Files\Java\jdk1.8.0_162\jre\bin\server\jvm.dll
0x00007ffa77f60000 - 0x00007ffa77f68000 	C:\WINDOWS\System32\PSAPI.DLL
0x00007ffa71650000 - 0x00007ffa71659000 	C:\WINDOWS\SYSTEM32\WSOCK32.dll
0x00007ffa670f0000 - 0x00007ffa670fa000 	C:\WINDOWS\SYSTEM32\VERSION.dll
0x00007ffa77f70000 - 0x00007ffa77fda000 	C:\WINDOWS\System32\WS2_32.dll
0x00007ffa729c0000 - 0x00007ffa729e3000 	C:\WINDOWS\SYSTEM32\WINMM.dll
0x0000000002760000 - 0x000000000278b000 	C:\WINDOWS\SYSTEM32\WINMMBASE.dll
0x00007ffa745a0000 - 0x00007ffa745e2000 	C:\WINDOWS\System32\cfgmgr32.dll
0x0000000068240000 - 0x000000006824f000 	C:\Program Files\Java\jdk1.8.0_162\jre\bin\verify.dll
0x0000000068210000 - 0x0000000068239000 	C:\Program Files\Java\jdk1.8.0_162\jre\bin\java.dll
0x00000000681f0000 - 0x0000000068206000 	C:\Program Files\Java\jdk1.8.0_162\jre\bin\zip.dll
0x00007ffa769f0000 - 0x00007ffa77ef9000 	C:\WINDOWS\System32\SHELL32.dll
0x00007ffa745f0000 - 0x00007ffa74cca000 	C:\WINDOWS\System32\windows.storage.dll
0x00007ffa74530000 - 0x00007ffa7457c000 	C:\WINDOWS\System32\powrprof.dll
0x00007ffa76990000 - 0x00007ffa769e2000 	C:\WINDOWS\System32\shlwapi.dll
0x00007ffa74590000 - 0x00007ffa7459f000 	C:\WINDOWS\System32\kernel.appcore.dll
0x00007ffa74cd0000 - 0x00007ffa74d79000 	C:\WINDOWS\System32\shcore.dll
0x00007ffa74510000 - 0x00007ffa74524000 	C:\WINDOWS\System32\profapi.dll
0x0000000068010000 - 0x00000000681a8000 	C:\Program Files\Java\jdk1.8.0_162\jre\bin\awt.dll
0x00007ffa77ff0000 - 0x00007ffa780af000 	C:\WINDOWS\System32\OLEAUT32.dll
0x00007ffa75370000 - 0x00007ffa7540c000 	C:\WINDOWS\System32\msvcp_win.dll
0x00007ffa72ab0000 - 0x00007ffa72b2a000 	C:\WINDOWS\SYSTEM32\apphelp.dll
0x00007ffa72450000 - 0x00007ffa72476000 	C:\WINDOWS\system32\DWMAPI.DLL
0x00007ffa72c90000 - 0x00007ffa72d25000 	C:\WINDOWS\system32\uxtheme.dll
0x00007ffa63590000 - 0x00007ffa636b3000 	C:\WINDOWS\system32\opengl32.dll
0x00007ffa68790000 - 0x00007ffa687bd000 	C:\WINDOWS\SYSTEM32\GLU32.dll
0x00007ffa63490000 - 0x00007ffa63587000 	C:\WINDOWS\SYSTEM32\DDRAW.dll
0x00007ffa71770000 - 0x00007ffa71778000 	C:\WINDOWS\SYSTEM32\DCIMAN32.dll
0x00007ffa75670000 - 0x00007ffa757ca000 	C:\WINDOWS\System32\MSCTF.dll
0x00007ffa767f0000 - 0x00007ffa76927000 	C:\WINDOWS\System32\ole32.dll
0x0000000067ef0000 - 0x0000000067f21000 	C:\Program Files\Java\jdk1.8.0_162\jre\bin\jpeg.dll
0x0000000067fc0000 - 0x0000000068007000 	C:\Program Files\Java\jdk1.8.0_162\jre\bin\fontmanager.dll
0x00007ffa75d00000 - 0x00007ffa75d9f000 	C:\WINDOWS\System32\clbcatq.dll
0x00007ffa71900000 - 0x00007ffa71aa8000 	C:\WINDOWS\SYSTEM32\WindowsCodecs.dll
0x00007ffa67de0000 - 0x00007ffa67e29000 	C:\WINDOWS\system32\dataexchange.dll
0x00007ffa70e90000 - 0x00007ffa71146000 	C:\WINDOWS\system32\d3d11.dll
0x00007ffa72480000 - 0x00007ffa725d1000 	C:\WINDOWS\system32\dcomp.dll
0x00007ffa73490000 - 0x00007ffa7352f000 	C:\WINDOWS\system32\dxgi.dll
0x00007ffa72f60000 - 0x00007ffa7307c000 	C:\WINDOWS\system32\twinapi.appcore.dll
0x00007ffa74450000 - 0x00007ffa7447b000 	C:\WINDOWS\system32\bcrypt.dll
0x00000000681d0000 - 0x00000000681ea000 	C:\Program Files\Java\jdk1.8.0_162\jre\bin\net.dll
0x00007ffa73de0000 - 0x00007ffa73e3c000 	C:\WINDOWS\system32\mswsock.dll
0x00000000681b0000 - 0x00000000681c1000 	C:\Program Files\Java\jdk1.8.0_162\jre\bin\nio.dll
0x0000000067f70000 - 0x0000000067fb2000 	C:\Program Files\Java\jdk1.8.0_162\jre\bin\t2k.dll
0x0000000067f30000 - 0x0000000067f5a000 	C:\Program Files\Java\jdk1.8.0_162\jre\bin\dcpr.dll
0x00007ffa73ba0000 - 0x00007ffa73c41000 	C:\WINDOWS\SYSTEM32\DNSAPI.dll
0x00007ffa77fe0000 - 0x00007ffa77fe8000 	C:\WINDOWS\System32\NSI.dll
0x00007ffa73b60000 - 0x00007ffa73b98000 	C:\WINDOWS\SYSTEM32\IPHLPAPI.DLL
0x00007ffa68a80000 - 0x00007ffa68a8a000 	C:\Windows\System32\rasadhlp.dll
0x00007ffa6cc30000 - 0x00007ffa6cc9a000 	C:\WINDOWS\System32\fwpuclnt.dll

VM Arguments:
jvm_args: -Dfile.encoding=UTF-8 
java_command: Main.GesCom_Main
java_class_path (initial): C:\Program Files\NetBeans 8.2\java\modules\ext\AbsoluteLayout.jar;R:\pack\AnimatonClass.jar;R:\pack\jcalendar-1.4.jar;R:\pack\com.mysql.jdbc_5.1.5.jar;R:\pack\jxl-2.6.jar;R:\pack\JPanelSlider.jar;R:\NetBeansProjets\LivreExpress\build\classes
Launcher Type: SUN_STANDARD

Environment Variables:
PATH=C:\ProgramData\Oracle\Java\javapath;C:\WINDOWS\system32;C:\WINDOWS;C:\WINDOWS\System32\Wbem;C:\WINDOWS\System32\WindowsPowerShell\v1.0\;C:\Program Files\Java\jdk1.8.0_162\bin;C:\Users\Mine\AppData\Local\Microsoft\WindowsApps;
USERNAME=Mine
OS=Windows_NT
PROCESSOR_IDENTIFIER=Intel64 Family 6 Model 76 Stepping 4, GenuineIntel



---------------  S Y S T E M  ---------------

OS: Windows 10.0 , 64 bit Build 14393 (10.0.14393.0)

CPU:total 4 (initial active 4) (4 cores per cpu, 1 threads per core) family 6 model 76 stepping 4, cmov, cx8, fxsr, mmx, sse, sse2, sse3, ssse3, sse4.1, sse4.2, popcnt, aes, clmul, erms, 3dnowpref, tsc, tscinvbit

Memory: 4k page, physical 2019372k(178120k free), swap 3729008k(4k free)

vm_info: Java HotSpot(TM) 64-Bit Server VM (25.162-b12) for windows-amd64 JRE (1.8.0_162-b12), built on Dec 19 2017 20:00:03 by "java_re" with MS VC++ 10.0 (VS2010)

time: Thu Jul 05 11:03:13 2018
elapsed time: 5 seconds (0d 0h 0m 5s)

